#
# There is insufficient memory for the Java Runtime Environment to continue.
# Native memory allocation (malloc) failed to allocate 32744 bytes for ChunkPool::allocate
# Possible reasons:
#   The system is out of physical RAM or swap space
#   The process is running with CompressedOops enabled, and the Java Heap may be blocking the growth of the native heap
# Possible solutions:
#   Reduce memory load on the system
#   Increase physical memory or swap space
#   Check if swap backing store is full
#   Decrease Java heap size (-Xmx/-Xms)
#   Decrease number of Java threads
#   Decrease Java thread stack sizes (-Xss)
#   Set larger code cache with -XX:ReservedCodeCacheSize=
#   JVM is running with Unscaled Compressed Oops mode in which the Java heap is
#     placed in the first 4GB address space. The Java Heap base address is the
#     maximum limit for the native heap growth. Please use -XX:HeapBaseMinAddress
#     to set the Java Heap base and to place the Java Heap above 4GB virtual address.
# This output file may be truncated or incomplete.
#
#  Out of Memory Error (allocation.cpp:272), pid=19320, tid=0x0000000000006510
#
# JRE version: Java(TM) SE Runtime Environment (8.0_211-b12) (build 1.8.0_211-b12)
# Java VM: Java HotSpot(TM) 64-Bit Server VM (25.211-b12 mixed mode windows-amd64 compressed oops)
# Failed to write core dump. Minidumps are not enabled by default on client versions of Windows
#

---------------  T H R E A D  ---------------

Current thread (0x0000000019f1e000):  JavaThread "C1 CompilerThread3" daemon [_thread_in_native, id=25872, stack(0x000000001aa00000,0x000000001ab00000)]

Stack: [0x000000001aa00000,0x000000001ab00000]
[error occurred during error reporting (printing stack bounds), id 0xc0000005]

Native frames: (J=compiled Java code, j=interpreted, Vv=VM code, C=native code)


Current CompileTask:
C1:   4581  578   !   3      
[error occurred during error reporting (printing current compile task), id 0xe0000001]


---------------  P R O C E S S  ---------------

Java Threads: ( => current thread )
  0x000000001b001800 JavaThread "TimerQueue" daemon [_thread_blocked, id=19992, stack(0x000000001d7e0000,0x000000001d8e0000)]
  0x0000000002f8e800 JavaThread "DestroyJavaVM" [_thread_blocked, id=25368, stack(0x0000000002e00000,0x0000000002f00000)]
  0x000000001af74000 JavaThread "AWT-EventQueue-0" [_thread_in_native, id=25988, stack(0x000000001c300000,0x000000001c400000)]
  0x000000001af02800 JavaThread "AWT-Windows" daemon [_thread_in_native, id=10324, stack(0x000000001b910000,0x000000001ba10000)]
  0x000000001aeff000 JavaThread "AWT-Shutdown" [_thread_blocked, id=13616, stack(0x000000001b810000,0x000000001b910000)]
  0x000000001aefe800 JavaThread "Java2D Disposer" daemon [_thread_blocked, id=2400, stack(0x000000001b710000,0x000000001b810000)]
  0x0000000019f9b800 JavaThread "Service Thread" daemon [_thread_blocked, id=16676, stack(0x000000001ab00000,0x000000001ac00000)]
=>0x0000000019f1e000 JavaThread "C1 CompilerThread3" daemon [_thread_in_native, id=25872, stack(0x000000001aa00000,0x000000001ab00000)]
  0x0000000019f15000 JavaThread "C2 CompilerThread2" daemon [_thread_blocked, id=16988, stack(0x000000001a900000,0x000000001aa00000)]
  0x0000000019f11000 JavaThread "C2 CompilerThread1" daemon [_thread_blocked, id=19704, stack(0x000000001a800000,0x000000001a900000)]
  0x0000000019f09800 JavaThread "C2 CompilerThread0" daemon [_thread_blocked, id=17420, stack(0x000000001a700000,0x000000001a800000)]
  0x0000000019f08000 JavaThread "Attach Listener" daemon [_thread_blocked, id=9164, stack(0x000000001a600000,0x000000001a700000)]
  0x0000000019f07000 JavaThread "Signal Dispatcher" daemon [_thread_blocked, id=16428, stack(0x000000001a500000,0x000000001a600000)]
  0x0000000019f00800 JavaThread "Finalizer" daemon [_thread_blocked, id=1504, stack(0x000000001a2e0000,0x000000001a3e0000)]
  0x0000000003089000 JavaThread "Reference Handler" daemon [_thread_blocked, id=6900, stack(0x0000000019de0000,0x0000000019ee0000)]

Other Threads:
  0x0000000017ffa000 VMThread [stack: 0x0000000019ce0000,0x0000000019de0000] [id=17500]
  0x0000000019fcd800 WatcherThread [stack: 0x000000001ac00000,0x000000001ad00000] [id=23232]

VM state:not at safepoint (normal execution)

VM Mutex/Monitor currently owned by a thread: None

heap address: 0x0000000081e00000, size: 2018 MB, Compressed Oops mode: 32-bit
Narrow klass base: 0x0000000000000000, Narrow klass shift: 3
Compressed class space size: 1073741824 Address: 0x0000000100000000

Heap:
 PSYoungGen      total 38400K, used 11743K [0x00000000d5f80000, 0x00000000d8a00000, 0x0000000100000000)
  eden space 33280K, 35% used [0x00000000d5f80000,0x00000000d6af7f70,0x00000000d8000000)
  from space 5120K, 0% used [0x00000000d8500000,0x00000000d8500000,0x00000000d8a00000)
  to   space 5120K, 0% used [0x00000000d8000000,0x00000000d8000000,0x00000000d8500000)
 ParOldGen       total 87552K, used 0K [0x0000000081e00000, 0x0000000087380000, 0x00000000d5f80000)
  object space 87552K, 0% used [0x0000000081e00000,0x0000000081e00000,0x0000000087380000)
 Metaspace       used 9945K, capacity 10130K, committed 10368K, reserved 1058816K
  class space    used 1266K, capacity 1351K, committed 1408K, reserved 1048576K

Card table byte_map: [0x0000000012450000,0x0000000012850000] byte_map_base: 0x0000000012041000

Marking Bits: (ParMarkBitMap*) 0x000000006aa65ce0
 Begin Bits: [0x0000000013300000, 0x0000000015288000)
 End Bits:   [0x0000000015288000, 0x0000000017210000)

Polling page: 0x0000000002f00000

CodeCache: size=245760Kb used=2290Kb max_used=2290Kb free=243469Kb
 bounds [0x0000000003090000, 0x0000000003300000, 0x0000000012090000]
 total_blobs=1031 nmethods=577 adapters=367
 compilation: enabled

Compilation events (10 events):
Event: 4.510 Thread 0x0000000019f1e000 nmethod 573 0x00000000032bdd10 code [0x00000000032bde80, 0x00000000032be0e8]
Event: 4.535 Thread 0x0000000019f1e000  574       3       java.util.concurrent.locks.AbstractQueuedSynchronizer$ConditionObject::addConditionWaiter (64 bytes)
Event: 4.535 Thread 0x0000000019f1e000 nmethod 574 0x00000000032bd5d0 code [0x00000000032bd760, 0x00000000032bdb88]
Event: 4.535 Thread 0x0000000019f1e000  575       3       java.util.concurrent.locks.AbstractQueuedSynchronizer$Node::<init> (15 bytes)
Event: 4.535 Thread 0x0000000019f1e000 nmethod 575 0x00000000032bd210 code [0x00000000032bd360, 0x00000000032bd530]
Event: 4.566 Thread 0x0000000019f1e000  576       3       java.util.concurrent.locks.AbstractQueuedSynchronizer::enq (58 bytes)
Event: 4.566 Thread 0x0000000019f1e000 nmethod 576 0x00000000032cc4d0 code [0x00000000032cc660, 0x00000000032ccb90]
Event: 4.566 Thread 0x0000000019f1e000  577       3       java.util.concurrent.locks.AbstractQueuedSynchronizer$ConditionObject::checkInterruptWhileWaiting (27 bytes)
Event: 4.566 Thread 0x0000000019f1e000 nmethod 577 0x00000000032ccd90 code [0x00000000032ccf60, 0x00000000032cd5b8]
Event: 4.566 Thread 0x0000000019f1e000  578   !   3       java.awt.DefaultKeyboardFocusManager::dispatchEvent (1640 bytes)

GC Heap History (0 events):
No events

Deoptimization events (5 events):
Event: 0.225 Thread 0x0000000002f8e800 Uncommon trap: reason=null_check action=make_not_entrant pc=0x00000000031fa8d4 method=java.lang.String.equals(Ljava/lang/Object;)Z @ 8
Event: 4.134 Thread 0x000000001af74000 Uncommon trap: reason=class_check action=maybe_recompile pc=0x00000000032156a0 method=java.lang.String.equals(Ljava/lang/Object;)Z @ 8
Event: 4.134 Thread 0x000000001af74000 Uncommon trap: reason=class_check action=maybe_recompile pc=0x00000000032156a0 method=java.lang.String.equals(Ljava/lang/Object;)Z @ 8
Event: 4.218 Thread 0x000000001af74000 Uncommon trap: reason=class_check action=maybe_recompile pc=0x00000000032156a0 method=java.lang.String.equals(Ljava/lang/Object;)Z @ 8
Event: 4.218 Thread 0x000000001af74000 Uncommon trap: reason=class_check action=maybe_recompile pc=0x00000000032156a0 method=java.lang.String.equals(Ljava/lang/Object;)Z @ 8

Classes redefined (0 events):
No events

Internal exceptions (10 events):
Event: 0.037 Thread 0x0000000002f8e800 Exception <a 'java/lang/NoSuchMethodError': Method sun.misc.Unsafe.prefetchRead(Ljava/lang/Object;J)V name or signature does not match> (0x00000000d5f87f98) thrown at [C:\re\workspace\8-2-build-windows-amd64-cygwin\jdk8u211\12973\hotspot\src\share\vm\prim
Event: 0.108 Thread 0x0000000002f8e800 Exception <a 'java/security/PrivilegedActionException'> (0x00000000d600de58) thrown at [C:\re\workspace\8-2-build-windows-amd64-cygwin\jdk8u211\12973\hotspot\src\share\vm\prims\jvm.cpp, line 1502]
Event: 0.108 Thread 0x0000000002f8e800 Exception <a 'java/security/PrivilegedActionException'> (0x00000000d600e068) thrown at [C:\re\workspace\8-2-build-windows-amd64-cygwin\jdk8u211\12973\hotspot\src\share\vm\prims\jvm.cpp, line 1502]
Event: 0.109 Thread 0x0000000002f8e800 Exception <a 'java/security/PrivilegedActionException'> (0x00000000d6011cd8) thrown at [C:\re\workspace\8-2-build-windows-amd64-cygwin\jdk8u211\12973\hotspot\src\share\vm\prims\jvm.cpp, line 1502]
Event: 0.109 Thread 0x0000000002f8e800 Exception <a 'java/security/PrivilegedActionException'> (0x00000000d6011ee8) thrown at [C:\re\workspace\8-2-build-windows-amd64-cygwin\jdk8u211\12973\hotspot\src\share\vm\prims\jvm.cpp, line 1502]
Event: 0.115 Thread 0x0000000002f8e800 Exception <a 'java/io/FileNotFoundException'> (0x00000000d6014e08) thrown at [C:\re\workspace\8-2-build-windows-amd64-cygwin\jdk8u211\12973\hotspot\src\share\vm\prims\jni.cpp, line 710]
Event: 0.143 Thread 0x0000000002f8e800 Exception <a 'java/lang/NoSuchFieldError': method resolution failed> (0x00000000d618c9e0) thrown at [C:\re\workspace\8-2-build-windows-amd64-cygwin\jdk8u211\12973\hotspot\src\share\vm\prims\methodHandles.cpp, line 1167]
Event: 0.145 Thread 0x0000000002f8e800 Exception <a 'java/lang/NoSuchFieldError': method resolution failed> (0x00000000d6199db0) thrown at [C:\re\workspace\8-2-build-windows-amd64-cygwin\jdk8u211\12973\hotspot\src\share\vm\prims\methodHandles.cpp, line 1167]
Event: 0.186 Thread 0x0000000002f8e800 Exception <a 'java/io/FileNotFoundException'> (0x00000000d6233e98) thrown at [C:\re\workspace\8-2-build-windows-amd64-cygwin\jdk8u211\12973\hotspot\src\share\vm\prims\jni.cpp, line 710]
Event: 0.225 Thread 0x0000000002f8e800 Implicit null exception at 0x00000000031fa71b to 0x00000000031fa8c5

Events (10 events):
Event: 4.136 loading class javax/swing/event/UndoableEditListener
Event: 4.136 loading class javax/swing/event/UndoableEditListener done
Event: 4.136 loading class javax/swing/RepaintManager$3
Event: 4.136 loading class javax/swing/RepaintManager$3 done
Event: 4.218 Thread 0x000000001af74000 Uncommon trap: trap_request=0xffffffde fr.pc=0x00000000032156a0
Event: 4.218 Thread 0x000000001af74000 DEOPT PACKING pc=0x00000000032156a0 sp=0x000000001c3fca10
Event: 4.218 Thread 0x000000001af74000 DEOPT UNPACKING pc=0x00000000030d583b sp=0x000000001c3fc9a0 mode 2
Event: 4.218 Thread 0x000000001af74000 Uncommon trap: trap_request=0xffffffde fr.pc=0x00000000032156a0
Event: 4.218 Thread 0x000000001af74000 DEOPT PACKING pc=0x00000000032156a0 sp=0x000000001c3fca10
Event: 4.218 Thread 0x000000001af74000 DEOPT UNPACKING pc=0x00000000030d583b sp=0x000000001c3fc9a0 mode 2


Dynamic libraries:
0x00007ff710980000 - 0x00007ff7109b7000 	C:\Program Files\Java\jre1.8.0_211\bin\javaw.exe
0x00007ffe456d0000 - 0x00007ffe458c6000 	C:\WINDOWS\SYSTEM32\ntdll.dll
0x00007ffe43b30000 - 0x00007ffe43bed000 	C:\WINDOWS\System32\KERNEL32.DLL
0x00007ffe43180000 - 0x00007ffe43448000 	C:\WINDOWS\System32\KERNELBASE.dll
0x00007ffe43c60000 - 0x00007ffe43d0c000 	C:\WINDOWS\System32\ADVAPI32.dll
0x00007ffe43730000 - 0x00007ffe437ce000 	C:\WINDOWS\System32\msvcrt.dll
0x00007ffe44c50000 - 0x00007ffe44ceb000 	C:\WINDOWS\System32\sechost.dll
0x00007ffe45230000 - 0x00007ffe45354000 	C:\WINDOWS\System32\RPCRT4.dll
0x00007ffe43d20000 - 0x00007ffe43ec0000 	C:\WINDOWS\System32\USER32.dll
0x00007ffe42e10000 - 0x00007ffe42e32000 	C:\WINDOWS\System32\win32u.dll
0x00007ffe44690000 - 0x00007ffe446ba000 	C:\WINDOWS\System32\GDI32.dll
0x00007ffe43480000 - 0x00007ffe43589000 	C:\WINDOWS\System32\gdi32full.dll
0x00007ffe43690000 - 0x00007ffe4372d000 	C:\WINDOWS\System32\msvcp_win.dll
0x00007ffe43590000 - 0x00007ffe43690000 	C:\WINDOWS\System32\ucrtbase.dll
0x00007ffe1c2e0000 - 0x00007ffe1c57b000 	C:\WINDOWS\WinSxS\amd64_microsoft.windows.common-controls_6595b64144ccf1df_6.0.19041.488_none_ca04af081b815d21\COMCTL32.dll
0x00007ffe44d50000 - 0x00007ffe44d80000 	C:\WINDOWS\System32\IMM32.DLL
0x0000000069f10000 - 0x0000000069fe2000 	C:\Program Files\Java\jre1.8.0_211\bin\msvcr100.dll
0x000000006a240000 - 0x000000006aae5000 	C:\Program Files\Java\jre1.8.0_211\bin\server\jvm.dll
0x00007ffe43d10000 - 0x00007ffe43d18000 	C:\WINDOWS\System32\PSAPI.DLL
0x00007ffe3d670000 - 0x00007ffe3d697000 	C:\WINDOWS\SYSTEM32\WINMM.dll
0x00007ffe3c520000 - 0x00007ffe3c52a000 	C:\WINDOWS\SYSTEM32\VERSION.dll
0x00007ffe3ddf0000 - 0x00007ffe3ddf9000 	C:\WINDOWS\SYSTEM32\WSOCK32.dll
0x00007ffe43bf0000 - 0x00007ffe43c5b000 	C:\WINDOWS\System32\WS2_32.dll
0x00007ffe3dc50000 - 0x00007ffe3dc5f000 	C:\Program Files\Java\jre1.8.0_211\bin\verify.dll
0x00007ffe2a4c0000 - 0x00007ffe2a4e9000 	C:\Program Files\Java\jre1.8.0_211\bin\java.dll
0x00007ffe3a160000 - 0x00007ffe3a176000 	C:\Program Files\Java\jre1.8.0_211\bin\zip.dll
0x00007ffe43f40000 - 0x00007ffe44681000 	C:\WINDOWS\System32\SHELL32.dll
0x00007ffe40c00000 - 0x00007ffe41395000 	C:\WINDOWS\SYSTEM32\windows.storage.dll
0x00007ffe437d0000 - 0x00007ffe43b25000 	C:\WINDOWS\System32\combase.dll
0x00007ffe42880000 - 0x00007ffe428ac000 	C:\WINDOWS\SYSTEM32\Wldp.dll
0x00007ffe44d80000 - 0x00007ffe44e2e000 	C:\WINDOWS\System32\SHCORE.dll
0x00007ffe453f0000 - 0x00007ffe45445000 	C:\WINDOWS\System32\shlwapi.dll
0x00007ffe42d40000 - 0x00007ffe42d66000 	C:\WINDOWS\SYSTEM32\profapi.dll
0x00007ffe02be0000 - 0x00007ffe02d79000 	C:\Program Files\Java\jre1.8.0_211\bin\awt.dll
0x00007ffe454b0000 - 0x00007ffe4557d000 	C:\WINDOWS\System32\OLEAUT32.dll
0x00007ffe40460000 - 0x00007ffe404f0000 	C:\WINDOWS\SYSTEM32\apphelp.dll
0x00007ffe40840000 - 0x00007ffe4086f000 	C:\WINDOWS\system32\DWMAPI.DLL
0x00007ffe40560000 - 0x00007ffe405fe000 	C:\WINDOWS\system32\uxtheme.dll
0x00007ffe20380000 - 0x00007ffe204a5000 	C:\WINDOWS\system32\opengl32.dll
0x00007ffe388d0000 - 0x00007ffe388fc000 	C:\WINDOWS\SYSTEM32\GLU32.dll
0x00007ffe446c0000 - 0x00007ffe447d5000 	C:\WINDOWS\System32\MSCTF.dll
0x00007ffe450a0000 - 0x00007ffe451ca000 	C:\WINDOWS\System32\ole32.dll
0x00007ffe41740000 - 0x00007ffe41752000 	C:\WINDOWS\SYSTEM32\kernel.appcore.dll
0x00007ffe430a0000 - 0x00007ffe4311f000 	C:\WINDOWS\System32\bcryptPrimitives.dll
0x00007ffe16d20000 - 0x00007ffe16d69000 	C:\Program Files\Java\jre1.8.0_211\bin\fontmanager.dll
0x00007ffe44ff0000 - 0x00007ffe45099000 	C:\WINDOWS\System32\clbcatq.dll
0x00007ffe26d00000 - 0x00007ffe26eb4000 	C:\WINDOWS\SYSTEM32\WindowsCodecs.dll
0x00007ffe43450000 - 0x00007ffe43477000 	C:\WINDOWS\System32\bcrypt.dll
0x00007ffe27f90000 - 0x00007ffe27fce000 	C:\WINDOWS\system32\dataexchange.dll
0x00007ffe3f8a0000 - 0x00007ffe3fa85000 	C:\WINDOWS\system32\dcomp.dll
0x00007ffe3eaa0000 - 0x00007ffe3ed04000 	C:\WINDOWS\system32\d3d11.dll
0x00007ffe41760000 - 0x00007ffe41853000 	C:\WINDOWS\system32\dxgi.dll
0x00007ffe3b8b0000 - 0x00007ffe3bab8000 	C:\WINDOWS\system32\twinapi.appcore.dll
0x00007ffe3c5b0000 - 0x00007ffe3c6ac000 	C:\WINDOWS\SYSTEM32\textinputframework.dll
0x00007ffe3fe40000 - 0x00007ffe4019e000 	C:\WINDOWS\System32\CoreUIComponents.dll
0x00007ffe401a0000 - 0x00007ffe40292000 	C:\WINDOWS\System32\CoreMessaging.dll
0x00007ffe41b50000 - 0x00007ffe41b83000 	C:\WINDOWS\SYSTEM32\ntmarta.dll
0x00007ffe3f740000 - 0x00007ffe3f896000 	C:\WINDOWS\SYSTEM32\wintypes.dll
0x00007ffe38f50000 - 0x00007ffe38f6a000 	C:\Program Files\Java\jre1.8.0_211\bin\net.dll
0x00007ffe34410000 - 0x00007ffe345fd000 	C:\WINDOWS\SYSTEM32\urlmon.dll
0x00007ffe34120000 - 0x00007ffe343d0000 	C:\WINDOWS\SYSTEM32\iertutil.dll
0x00007ffe42600000 - 0x00007ffe4266a000 	C:\WINDOWS\system32\mswsock.dll
0x00007ffe2e520000 - 0x00007ffe2e532000 	C:\Program Files\Java\jre1.8.0_211\bin\nio.dll
0x00007ffe15ed0000 - 0x00007ffe15f12000 	C:\Program Files\Java\jre1.8.0_211\bin\t2k.dll

VM Arguments:
jvm_args: -Dfile.encoding=Cp1252 
java_command: Reto.cartelera.AidayNaiara.VentanaTerror
java_class_path (initial): C:\Workplace-Aida\Grupo6\Reto-cartelera-AidayNaiara\bin\main;C:\Users\Clase\.gradle\caches\modules-2\files-2.1\org.apache.commons\commons-math3\3.6.1\e4ba98f1d4b3c80ec46392f25e094a6a2e58fcbf\commons-math3-3.6.1.jar;C:\Users\Clase\.gradle\caches\modules-2\files-2.1\com.google.guava\guava\28.2-jre\8ec9ed76528425762174f0011ce8f74ad845b756\guava-28.2-jre.jar;C:\Users\Clase\.gradle\caches\modules-2\files-2.1\com.google.guava\failureaccess\1.0.1\1dcf1de382a0bf95a3d8b0849546c88bac1292c9\failureaccess-1.0.1.jar;C:\Users\Clase\.gradle\caches\modules-2\files-2.1\com.google.guava\listenablefuture\9999.0-empty-to-avoid-conflict-with-guava\b421526c5f297295adef1c886e5246c39d4ac629\listenablefuture-9999.0-empty-to-avoid-conflict-with-guava.jar;C:\Users\Clase\.gradle\caches\modules-2\files-2.1\com.google.code.findbugs\jsr305\3.0.2\25ea2e8b0c338a877313bd4672d3fe056ea78f0d\jsr305-3.0.2.jar;C:\Users\Clase\.gradle\caches\modules-2\files-2.1\org.checkerframework\checker-qual\2.10.0\5786699a0cb71f9dc32e6cca1d665eef07a0882f\checker-qual-2.10.0.jar;C:\Users\Clase\.gradle\caches\modules-2\files-2.1\com.google.errorprone\error_prone_annotations\2.3.4\dac170e4594de319655ffb62f41cbd6dbb5e601e\error_prone_annotations-2.3.4.jar;C:\Users\Clase\.gradle\caches\modules-2\files-2.1\com.google.j2objc\j2objc-annotations\1.3\ba035118bc8bac37d7eff77700720999acd9986d\j2objc-annotations-1.3.jar
Launcher Type: SUN_STANDARD

Environment Variables:
PATH=C:/Program Files/Java/jre1.8.0_211/bin/server;C:/Program Files/Java/jre1.8.0_211/bin;C:/Program Files/Java/jre1.8.0_211/lib/amd64;C:\Program Files (x86)\Common Files\Oracle\Java\javapath;C:\Program Files (x86)\Intel\Intel(R) Management Engine Components\iCLS\;C:\Program Files\Intel\Intel(R) Management Engine Components\iCLS\;C:\Windows\system32;C:\Windows;C:\Windows\System32\Wbem;C:\Windows\System32\WindowsPowerShell\v1.0\;C:\Windows\System32\OpenSSH\;C:\Program Files (x86)\Intel\Intel(R) Management Engine Components\DAL;C:\Program Files\Intel\Intel(R) Management Engine Components\DAL;C:\Program Files (x86)\Intel\Intel(R) Management Engine Components\IPT;C:\Program Files\Intel\Intel(R) Management Engine Components\IPT;C:\Program Files (x86)\NVIDIA Corporation\PhysX\Common;C:\Program Files (x86)\Windows Live\Shared;C:\WINDOWS\system32;C:\WINDOWS;C:\WINDOWS\System32\Wbem;C:\WINDOWS\System32\WindowsPowerShell\v1.0\;C:\WINDOWS\System32\OpenSSH\;C:\Program Files\Java\jdk1.8.0_121\bin;C:\Users\Clase\AppData\Local\Microsoft\WindowsApps;C:\Users\Clase\AppData\Local\Programs\Git\cmd;C:\Users\Clase\Desktop;
USERNAME=Clase
OS=Windows_NT
PROCESSOR_IDENTIFIER=Intel64 Family 6 Model 158 Stepping 10, GenuineIntel



---------------  S Y S T E M  ---------------

OS: Windows 10.0 , 64 bit Build 19041 (10.0.19041.546)

CPU:total 8 (initial active 8) (4 cores per cpu, 2 threads per core) family 6 model 158 stepping 10, cmov, cx8, fxsr, mmx, sse, sse2, sse3, ssse3, sse4.1, sse4.2, popcnt, avx, avx2, aes, clmul, erms, 3dnowpref, lzcnt, ht, tsc, tscinvbit, bmi1, bmi2, adx

Memory: 4k page, physical 8259892k(2756128k free), swap 23725744k(2980k free)

vm_info: Java HotSpot(TM) 64-Bit Server VM (25.211-b12) for windows-amd64 JRE (1.8.0_211-b12), built on Apr  1 2019 20:53:26 by "java_re" with MS VC++ 10.0 (VS2010)

time: Thu Nov 19 21:28:52 2020
timezone: Hora estándar romance
elapsed time: 4 seconds (0d 0h 0m 4s)

